  소스.c
e:\2020\프로그래밍랩\텀프로젝트\damagochi\소스.c(65): warning C4996: 'sprintf': This function or variable may be unsafe. Consider using sprintf_s instead. To disable deprecation, use _CRT_SECURE_NO_WARNINGS. See online help for details.
  c:\program files (x86)\windows kits\10\include\10.0.17763.0\ucrt\stdio.h(1774): note: 'sprintf' 선언을 참조하십시오.
e:\2020\프로그래밍랩\텀프로젝트\damagochi\소스.c(70): warning C4101: 'x' :참조되지 않은 지역 변수입니다.
e:\2020\프로그래밍랩\텀프로젝트\damagochi\소스.c(109): warning C4996: 'scanf': This function or variable may be unsafe. Consider using scanf_s instead. To disable deprecation, use _CRT_SECURE_NO_WARNINGS. See online help for details.
  c:\program files (x86)\windows kits\10\include\10.0.17763.0\ucrt\stdio.h(1274): note: 'scanf' 선언을 참조하십시오.
e:\2020\프로그래밍랩\텀프로젝트\damagochi\소스.c(129): warning C4996: 'kbhit': The POSIX name for this item is deprecated. Instead, use the ISO C and C++ conformant name: _kbhit. See online help for details.
  c:\program files (x86)\windows kits\10\include\10.0.17763.0\ucrt\conio.h(459): note: 'kbhit' 선언을 참조하십시오.
e:\2020\프로그래밍랩\텀프로젝트\damagochi\소스.c(130): warning C4996: 'getch': The POSIX name for this item is deprecated. Instead, use the ISO C and C++ conformant name: _getch. See online help for details.
  c:\program files (x86)\windows kits\10\include\10.0.17763.0\ucrt\conio.h(453): note: 'getch' 선언을 참조하십시오.
e:\2020\프로그래밍랩\텀프로젝트\damagochi\소스.c(136): warning C4996: 'getch': The POSIX name for this item is deprecated. Instead, use the ISO C and C++ conformant name: _getch. See online help for details.
  c:\program files (x86)\windows kits\10\include\10.0.17763.0\ucrt\conio.h(453): note: 'getch' 선언을 참조하십시오.
e:\2020\프로그래밍랩\텀프로젝트\damagochi\소스.c(861): warning C4996: 'kbhit': The POSIX name for this item is deprecated. Instead, use the ISO C and C++ conformant name: _kbhit. See online help for details.
  c:\program files (x86)\windows kits\10\include\10.0.17763.0\ucrt\conio.h(459): note: 'kbhit' 선언을 참조하십시오.
e:\2020\프로그래밍랩\텀프로젝트\damagochi\소스.c(862): warning C4996: 'getch': The POSIX name for this item is deprecated. Instead, use the ISO C and C++ conformant name: _getch. See online help for details.
  c:\program files (x86)\windows kits\10\include\10.0.17763.0\ucrt\conio.h(453): note: 'getch' 선언을 참조하십시오.
e:\2020\프로그래밍랩\텀프로젝트\damagochi\소스.c(864): warning C4996: 'getch': The POSIX name for this item is deprecated. Instead, use the ISO C and C++ conformant name: _getch. See online help for details.
  c:\program files (x86)\windows kits\10\include\10.0.17763.0\ucrt\conio.h(453): note: 'getch' 선언을 참조하십시오.
e:\2020\프로그래밍랩\텀프로젝트\damagochi\소스.c(906): warning C4996: 'getch': The POSIX name for this item is deprecated. Instead, use the ISO C and C++ conformant name: _getch. See online help for details.
  c:\program files (x86)\windows kits\10\include\10.0.17763.0\ucrt\conio.h(453): note: 'getch' 선언을 참조하십시오.
e:\2020\프로그래밍랩\텀프로젝트\damagochi\소스.c(907): warning C4996: 'getch': The POSIX name for this item is deprecated. Instead, use the ISO C and C++ conformant name: _getch. See online help for details.
  c:\program files (x86)\windows kits\10\include\10.0.17763.0\ucrt\conio.h(453): note: 'getch' 선언을 참조하십시오.
e:\2020\프로그래밍랩\텀프로젝트\damagochi\소스.c(921): warning C4477: 'printf' : 서식 문자열 '%s'에 'char *' 형식의 인수가 필요하지만 variadic 인수 1의 형식이 'int'입니다.
e:\2020\프로그래밍랩\텀프로젝트\damagochi\소스.c(976): warning C4996: 'kbhit': The POSIX name for this item is deprecated. Instead, use the ISO C and C++ conformant name: _kbhit. See online help for details.
  c:\program files (x86)\windows kits\10\include\10.0.17763.0\ucrt\conio.h(459): note: 'kbhit' 선언을 참조하십시오.
e:\2020\프로그래밍랩\텀프로젝트\damagochi\소스.c(977): warning C4996: 'getch': The POSIX name for this item is deprecated. Instead, use the ISO C and C++ conformant name: _getch. See online help for details.
  c:\program files (x86)\windows kits\10\include\10.0.17763.0\ucrt\conio.h(453): note: 'getch' 선언을 참조하십시오.
e:\2020\프로그래밍랩\텀프로젝트\damagochi\소스.c(983): warning C4996: 'getch': The POSIX name for this item is deprecated. Instead, use the ISO C and C++ conformant name: _getch. See online help for details.
  c:\program files (x86)\windows kits\10\include\10.0.17763.0\ucrt\conio.h(453): note: 'getch' 선언을 참조하십시오.
e:\2020\프로그래밍랩\텀프로젝트\damagochi\소스.c(1040): warning C4244: '함수': 'time_t'에서 'unsigned int'(으)로 변환하면서 데이터가 손실될 수 있습니다.
  Damagochi.vcxproj -> E:\2020\프로그래밍랩\텀프로젝트\Damagochi\Debug\Damagochi.exe
